app/build/outputs/logs/manifest-merger-debug-report.txt
-- Merging decision tree log ---
manifest
ADDED from src/main/AndroidManifest.xml:2:1-110:12
	package
		ADDED from src/main/AndroidManifest.xml:3:5-29
		INJECTED from src/main/AndroidManifest.xml
		INJECTED from src/main/AndroidManifest.xml
	android:versionName
		ADDED from src/main/AndroidManifest.xml:5:5-35
		INJECTED from src/main/AndroidManifest.xml
		INJECTED from src/main/AndroidManifest.xml
	android:versionCode
		ADDED from src/main/AndroidManifest.xml:4:5-28
		INJECTED from src/main/AndroidManifest.xml
		INJECTED from src/main/AndroidManifest.xml
	xmlns:android
		ADDED from src/main/AndroidManifest.xml:2:11-69
uses-sdk
ADDED from src/main/AndroidManifest.xml:7:5-9:41
	android:targetSdkVersion
		ADDED from src/main/AndroidManifest.xml:9:9-38
		INJECTED from src/main/AndroidManifest.xml
		INJECTED from src/main/AndroidManifest.xml
	android:minSdkVersion
		ADDED from src/main/AndroidManifest.xml:8:9-35
		INJECTED from src/main/AndroidManifest.xml
		INJECTED from src/main/AndroidManifest.xml
uses-permission#android.permission.ACCESS_COARSE_LOCATION
ADDED from src/main/AndroidManifest.xml:12:5-13:23
	android:name
		ADDED from src/main/AndroidManifest.xml:12:22-78
uses-permission#android.permission.ACCESS_FINE_LOCATION
ADDED from src/main/AndroidManifest.xml:14:5-15:23
	android:name
		ADDED from src/main/AndroidManifest.xml:14:22-76
uses-permission#android.permission.ACCESS_WIFI_STATE
ADDED from src/main/AndroidManifest.xml:16:5-17:23
	android:name
		ADDED from src/main/AndroidManifest.xml:16:22-73
uses-permission#android.permission.ACCESS_NETWORK_STATE
ADDED from src/main/AndroidManifest.xml:18:5-19:23
	android:name
		ADDED from src/main/AndroidManifest.xml:18:22-76
uses-permission#android.permission.CHANGE_WIFI_STATE
ADDED from src/main/AndroidManifest.xml:20:5-21:23
	android:name
		ADDED from src/main/AndroidManifest.xml:20:22-73
uses-permission#android.permission.READ_PHONE_STATE
ADDED from src/main/AndroidManifest.xml:22:5-23:23
	android:name
		ADDED from src/main/AndroidManifest.xml:22:22-72
uses-permission#android.permission.WRITE_EXTERNAL_STORAGE
ADDED from src/main/AndroidManifest.xml:24:5-25:23
	android:name
		ADDED from src/main/AndroidManifest.xml:24:22-78
uses-permission#android.permission.INTERNET
ADDED from src/main/AndroidManifest.xml:26:5-67
	android:name
		ADDED from src/main/AndroidManifest.xml:26:22-64
uses-permission#android.permission.MOUNT_UNMOUNT_FILESYSTEMS
ADDED from src/main/AndroidManifest.xml:27:5-28:23
	android:name
		ADDED from src/main/AndroidManifest.xml:27:22-81
uses-permission#android.permission.READ_LOGS
ADDED from src/main/AndroidManifest.xml:29:5-30:23
	android:name
		ADDED from src/main/AndroidManifest.xml:29:22-65
uses-permission#android.permission.WAKE_LOCK
ADDED from src/main/AndroidManifest.xml:31:5-32:23
	android:name
		ADDED from src/main/AndroidManifest.xml:31:22-65
application
ADDED from src/main/AndroidManifest.xml:34:5-108:19
	android:label
		ADDED from src/main/AndroidManifest.xml:37:9-41
	android:allowBackup
		ADDED from src/main/AndroidManifest.xml:35:9-35
	android:icon
		ADDED from src/main/AndroidManifest.xml:36:9-38
	android:theme
		ADDED from src/main/AndroidManifest.xml:38:9-40
activity#com.ssyw.exam2.WelcomeActivity
ADDED from src/main/AndroidManifest.xml:39:9-47:20
	android:label
		ADDED from src/main/AndroidManifest.xml:41:13-45
	android:name
		ADDED from src/main/AndroidManifest.xml:40:13-58
intent-filter#android.intent.action.MAIN+android.intent.category.LAUNCHER
ADDED from src/main/AndroidManifest.xml:42:13-46:29
action#android.intent.action.MAIN
ADDED from src/main/AndroidManifest.xml:43:17-69
	android:name
		ADDED from src/main/AndroidManifest.xml:43:25-66
category#android.intent.category.LAUNCHER
ADDED from src/main/AndroidManifest.xml:45:17-77
	android:name
		ADDED from src/main/AndroidManifest.xml:45:27-74
activity#com.ssyw.exam2.MainTabActivity
ADDED from src/main/AndroidManifest.xml:48:9-51:20
	android:label
		ADDED from src/main/AndroidManifest.xml:50:13-45
	android:name
		ADDED from src/main/AndroidManifest.xml:49:13-58
activity#com.ssyw.exam2.ShareFriendActivity
ADDED from src/main/AndroidManifest.xml:52:9-55:20
	android:label
		ADDED from src/main/AndroidManifest.xml:54:13-45
	android:name
		ADDED from src/main/AndroidManifest.xml:53:13-62
activity#com.ssyw.exam2.TopicActivity
ADDED from src/main/AndroidManifest.xml:56:9-59:20
	android:label
		ADDED from src/main/AndroidManifest.xml:58:13-45
	android:name
		ADDED from src/main/AndroidManifest.xml:57:13-56
activity#com.ssyw.exam2.MoreDetailsActivity
ADDED from src/main/AndroidManifest.xml:60:9-63:20
	android:label
		ADDED from src/main/AndroidManifest.xml:62:13-45
	android:name
		ADDED from src/main/AndroidManifest.xml:61:13-62
activity#com.ssyw.exam2.RecordActivity
ADDED from src/main/AndroidManifest.xml:64:9-67:20
	android:label
		ADDED from src/main/AndroidManifest.xml:66:13-45
	android:name
		ADDED from src/main/AndroidManifest.xml:65:13-57
activity#com.ssyw.exam2.DetailsRecordActivity
ADDED from src/main/AndroidManifest.xml:68:9-71:20
	android:label
		ADDED from src/main/AndroidManifest.xml:70:13-45
	android:name
		ADDED from src/main/AndroidManifest.xml:69:13-64
activity#com.ssyw.exam2.ClassicsActivity
ADDED from src/main/AndroidManifest.xml:72:9-75:20
	android:label
		ADDED from src/main/AndroidManifest.xml:74:13-45
	android:name
		ADDED from src/main/AndroidManifest.xml:73:13-59
activity#com.ssyw.exam2.StatisticsActivity
ADDED from src/main/AndroidManifest.xml:76:10-79:20
	android:label
		ADDED from src/main/AndroidManifest.xml:78:13-45
	android:name
		ADDED from src/main/AndroidManifest.xml:77:13-61
activity#com.ssyw.exam2.StatisticsTopicTab
ADDED from src/main/AndroidManifest.xml:80:3-83:20
	android:label
		ADDED from src/main/AndroidManifest.xml:82:13-45
	android:name
		ADDED from src/main/AndroidManifest.xml:81:13-61
activity#com.ssyw.exam2.StatisticsTestTab
ADDED from src/main/AndroidManifest.xml:84:9-87:20
	android:label
		ADDED from src/main/AndroidManifest.xml:86:13-45
	android:name
		ADDED from src/main/AndroidManifest.xml:85:13-60
activity#com.ssyw.exam2.ShareSettingActivity
ADDED from src/main/AndroidManifest.xml:89:9-92:20
	android:label
		ADDED from src/main/AndroidManifest.xml:91:13-45
	android:name
		ADDED from src/main/AndroidManifest.xml:90:13-63
activity#com.ssyw.exam2.social.SinaWeiboOAuthV2
ADDED from src/main/AndroidManifest.xml:94:9-97:20
	android:label
		ADDED from src/main/AndroidManifest.xml:96:13-45
	android:name
		ADDED from src/main/AndroidManifest.xml:95:13-66
activity#com.ssyw.exam2.social.TencentWeiboOAuthV2
ADDED from src/main/AndroidManifest.xml:99:9-102:20
	android:label
		ADDED from src/main/AndroidManifest.xml:101:13-45
	android:name
		ADDED from src/main/AndroidManifest.xml:100:13-69
activity#com.tencent.weibo.webview.OAuthV2AuthorizeWebView
ADDED from src/main/AndroidManifest.xml:104:9-107:20
	android:label
		ADDED from src/main/AndroidManifest.xml:106:13-45
	android:name
		ADDED from src/main/AndroidManifest.xml:105:13-77